INFO: [VRFC 10-2263] Analyzing Verilog file "E:/SineCalculate/2.Firmware/SineCalculate/SineCalculate.sim/sim_1/impl/timing/xsim/sine_top_tb_time_impl.v" into library xil_defaultlib
INFO: [VRFC 10-311] analyzing module clk_dac
INFO: [VRFC 10-311] analyzing module clk_dac_clk_wiz
INFO: [VRFC 10-311] analyzing module clk_pll
INFO: [VRFC 10-311] analyzing module clk_pll_clk_wiz
INFO: [VRFC 10-311] analyzing module cordic_sin_ip
INFO: [VRFC 10-311] analyzing module cosine_taylor
INFO: [VRFC 10-311] analyzing module dds_cordic
INFO: [VRFC 10-311] analyzing module dds_lut
INFO: [VRFC 10-311] analyzing module dds_taylor
INFO: [VRFC 10-311] analyzing module dds_taylor_1_4
INFO: [VRFC 10-311] analyzing module mult_u192xu64
INFO: [VRFC 10-311] analyzing module mult_u192xu64__xdcDup__1
INFO: [VRFC 10-311] analyzing module mult_u192xu64__xdcDup__2
INFO: [VRFC 10-311] analyzing module mult_u192xu64__xdcDup__3
INFO: [VRFC 10-311] analyzing module mult_u64xu64
INFO: [VRFC 10-311] analyzing module mult_u64xu64_HD102
INFO: [VRFC 10-311] analyzing module mult_u64xu64_HD112
INFO: [VRFC 10-311] analyzing module mult_u64xu64_HD12
INFO: [VRFC 10-311] analyzing module mult_u64xu64_HD22
INFO: [VRFC 10-311] analyzing module mult_u64xu64_HD32
INFO: [VRFC 10-311] analyzing module mult_u64xu64_HD42
INFO: [VRFC 10-311] analyzing module mult_u64xu64_HD52
INFO: [VRFC 10-311] analyzing module mult_u64xu64_HD62
INFO: [VRFC 10-311] analyzing module mult_u64xu64_HD72
INFO: [VRFC 10-311] analyzing module mult_u64xu64_HD82
INFO: [VRFC 10-311] analyzing module mult_u64xu64_HD92
INFO: [VRFC 10-311] analyzing module rom_sin
INFO: [VRFC 10-311] analyzing module sin_cos_taylor
INFO: [VRFC 10-311] analyzing module sine_cordic
INFO: [VRFC 10-311] analyzing module sine_taylor
INFO: [VRFC 10-311] analyzing module sine_top
INFO: [VRFC 10-311] analyzing module cordic_sin_ip_cordic_v6_0_22
INFO: [VRFC 10-311] analyzing module mult_u64xu64_mult_gen_v12_0_21
INFO: [VRFC 10-311] analyzing module mult_u64xu64_mult_gen_v12_0_21_HD103
INFO: [VRFC 10-311] analyzing module mult_u64xu64_mult_gen_v12_0_21_HD113
INFO: [VRFC 10-311] analyzing module mult_u64xu64_mult_gen_v12_0_21_HD13
INFO: [VRFC 10-311] analyzing module mult_u64xu64_mult_gen_v12_0_21_HD23
INFO: [VRFC 10-311] analyzing module mult_u64xu64_mult_gen_v12_0_21_HD33
INFO: [VRFC 10-311] analyzing module mult_u64xu64_mult_gen_v12_0_21_HD43
INFO: [VRFC 10-311] analyzing module mult_u64xu64_mult_gen_v12_0_21_HD53
INFO: [VRFC 10-311] analyzing module mult_u64xu64_mult_gen_v12_0_21_HD63
INFO: [VRFC 10-311] analyzing module mult_u64xu64_mult_gen_v12_0_21_HD73
INFO: [VRFC 10-311] analyzing module mult_u64xu64_mult_gen_v12_0_21_HD83
INFO: [VRFC 10-311] analyzing module mult_u64xu64_mult_gen_v12_0_21_HD93
INFO: [VRFC 10-311] analyzing module rom_sin_bindec
INFO: [VRFC 10-311] analyzing module rom_sin_bindec_0
INFO: [VRFC 10-311] analyzing module rom_sin_blk_mem_gen_generic_cstr
INFO: [VRFC 10-311] analyzing module rom_sin_blk_mem_gen_mux
INFO: [VRFC 10-311] analyzing module rom_sin_blk_mem_gen_prim_width
INFO: [VRFC 10-311] analyzing module rom_sin_blk_mem_gen_prim_width__parameterized0
INFO: [VRFC 10-311] analyzing module rom_sin_blk_mem_gen_prim_width__parameterized1
INFO: [VRFC 10-311] analyzing module rom_sin_blk_mem_gen_prim_width__parameterized10
INFO: [VRFC 10-311] analyzing module rom_sin_blk_mem_gen_prim_width__parameterized11
INFO: [VRFC 10-311] analyzing module rom_sin_blk_mem_gen_prim_width__parameterized12
INFO: [VRFC 10-311] analyzing module rom_sin_blk_mem_gen_prim_width__parameterized13
INFO: [VRFC 10-311] analyzing module rom_sin_blk_mem_gen_prim_width__parameterized14
INFO: [VRFC 10-311] analyzing module rom_sin_blk_mem_gen_prim_width__parameterized15
INFO: [VRFC 10-311] analyzing module rom_sin_blk_mem_gen_prim_width__parameterized16
INFO: [VRFC 10-311] analyzing module rom_sin_blk_mem_gen_prim_width__parameterized17
INFO: [VRFC 10-311] analyzing module rom_sin_blk_mem_gen_prim_width__parameterized18
INFO: [VRFC 10-311] analyzing module rom_sin_blk_mem_gen_prim_width__parameterized19
INFO: [VRFC 10-311] analyzing module rom_sin_blk_mem_gen_prim_width__parameterized2
INFO: [VRFC 10-311] analyzing module rom_sin_blk_mem_gen_prim_width__parameterized20
INFO: [VRFC 10-311] analyzing module rom_sin_blk_mem_gen_prim_width__parameterized21
INFO: [VRFC 10-311] analyzing module rom_sin_blk_mem_gen_prim_width__parameterized3
INFO: [VRFC 10-311] analyzing module rom_sin_blk_mem_gen_prim_width__parameterized4
INFO: [VRFC 10-311] analyzing module rom_sin_blk_mem_gen_prim_width__parameterized5
INFO: [VRFC 10-311] analyzing module rom_sin_blk_mem_gen_prim_width__parameterized6
INFO: [VRFC 10-311] analyzing module rom_sin_blk_mem_gen_prim_width__parameterized7
INFO: [VRFC 10-311] analyzing module rom_sin_blk_mem_gen_prim_width__parameterized8
INFO: [VRFC 10-311] analyzing module rom_sin_blk_mem_gen_prim_width__parameterized9
INFO: [VRFC 10-311] analyzing module rom_sin_blk_mem_gen_prim_wrapper_init
INFO: [VRFC 10-311] analyzing module rom_sin_blk_mem_gen_prim_wrapper_init__parameterized0
INFO: [VRFC 10-311] analyzing module rom_sin_blk_mem_gen_prim_wrapper_init__parameterized1
INFO: [VRFC 10-311] analyzing module rom_sin_blk_mem_gen_prim_wrapper_init__parameterized10
INFO: [VRFC 10-311] analyzing module rom_sin_blk_mem_gen_prim_wrapper_init__parameterized11
INFO: [VRFC 10-311] analyzing module rom_sin_blk_mem_gen_prim_wrapper_init__parameterized12
INFO: [VRFC 10-311] analyzing module rom_sin_blk_mem_gen_prim_wrapper_init__parameterized13
INFO: [VRFC 10-311] analyzing module rom_sin_blk_mem_gen_prim_wrapper_init__parameterized14
INFO: [VRFC 10-311] analyzing module rom_sin_blk_mem_gen_prim_wrapper_init__parameterized15
INFO: [VRFC 10-311] analyzing module rom_sin_blk_mem_gen_prim_wrapper_init__parameterized16
INFO: [VRFC 10-311] analyzing module rom_sin_blk_mem_gen_prim_wrapper_init__parameterized17
INFO: [VRFC 10-311] analyzing module rom_sin_blk_mem_gen_prim_wrapper_init__parameterized18
INFO: [VRFC 10-311] analyzing module rom_sin_blk_mem_gen_prim_wrapper_init__parameterized19
INFO: [VRFC 10-311] analyzing module rom_sin_blk_mem_gen_prim_wrapper_init__parameterized2
INFO: [VRFC 10-311] analyzing module rom_sin_blk_mem_gen_prim_wrapper_init__parameterized20
INFO: [VRFC 10-311] analyzing module rom_sin_blk_mem_gen_prim_wrapper_init__parameterized21
INFO: [VRFC 10-311] analyzing module rom_sin_blk_mem_gen_prim_wrapper_init__parameterized3
INFO: [VRFC 10-311] analyzing module rom_sin_blk_mem_gen_prim_wrapper_init__parameterized4
INFO: [VRFC 10-311] analyzing module rom_sin_blk_mem_gen_prim_wrapper_init__parameterized5
INFO: [VRFC 10-311] analyzing module rom_sin_blk_mem_gen_prim_wrapper_init__parameterized6
INFO: [VRFC 10-311] analyzing module rom_sin_blk_mem_gen_prim_wrapper_init__parameterized7
INFO: [VRFC 10-311] analyzing module rom_sin_blk_mem_gen_prim_wrapper_init__parameterized8
INFO: [VRFC 10-311] analyzing module rom_sin_blk_mem_gen_prim_wrapper_init__parameterized9
INFO: [VRFC 10-311] analyzing module rom_sin_blk_mem_gen_top
INFO: [VRFC 10-311] analyzing module rom_sin_blk_mem_gen_v8_4_8
INFO: [VRFC 10-311] analyzing module rom_sin_blk_mem_gen_v8_4_8_synth
INFO: [VRFC 10-311] analyzing module cordic_sin_ip_addsub
INFO: [VRFC 10-311] analyzing module cordic_sin_ip_addsub_0
INFO: [VRFC 10-311] analyzing module cordic_sin_ip_addsub_104
INFO: [VRFC 10-311] analyzing module cordic_sin_ip_addsub_105
INFO: [VRFC 10-311] analyzing module cordic_sin_ip_addsub_115
INFO: [VRFC 10-311] analyzing module cordic_sin_ip_addsub_120
INFO: [VRFC 10-311] analyzing module cordic_sin_ip_addsub_121
INFO: [VRFC 10-311] analyzing module cordic_sin_ip_addsub_13
INFO: [VRFC 10-311] analyzing module cordic_sin_ip_addsub_131
INFO: [VRFC 10-311] analyzing module cordic_sin_ip_addsub_136
INFO: [VRFC 10-311] analyzing module cordic_sin_ip_addsub_137
INFO: [VRFC 10-311] analyzing module cordic_sin_ip_addsub_14
INFO: [VRFC 10-311] analyzing module cordic_sin_ip_addsub_147
INFO: [VRFC 10-311] analyzing module cordic_sin_ip_addsub_15
INFO: [VRFC 10-311] analyzing module cordic_sin_ip_addsub_152
INFO: [VRFC 10-311] analyzing module cordic_sin_ip_addsub_153
INFO: [VRFC 10-311] analyzing module cordic_sin_ip_addsub_16
INFO: [VRFC 10-311] analyzing module cordic_sin_ip_addsub_163
INFO: [VRFC 10-311] analyzing module cordic_sin_ip_addsub_168
INFO: [VRFC 10-311] analyzing module cordic_sin_ip_addsub_169
INFO: [VRFC 10-311] analyzing module cordic_sin_ip_addsub_178
INFO: [VRFC 10-311] analyzing module cordic_sin_ip_addsub_179
INFO: [VRFC 10-311] analyzing module cordic_sin_ip_addsub_190
INFO: [VRFC 10-311] analyzing module cordic_sin_ip_addsub_195
INFO: [VRFC 10-311] analyzing module cordic_sin_ip_addsub_196
INFO: [VRFC 10-311] analyzing module cordic_sin_ip_addsub_208
INFO: [VRFC 10-311] analyzing module cordic_sin_ip_addsub_213
INFO: [VRFC 10-311] analyzing module cordic_sin_ip_addsub_214
INFO: [VRFC 10-311] analyzing module cordic_sin_ip_addsub_225
INFO: [VRFC 10-311] analyzing module cordic_sin_ip_addsub_230
INFO: [VRFC 10-311] analyzing module cordic_sin_ip_addsub_231
INFO: [VRFC 10-311] analyzing module cordic_sin_ip_addsub_241
INFO: [VRFC 10-311] analyzing module cordic_sin_ip_addsub_246
INFO: [VRFC 10-311] analyzing module cordic_sin_ip_addsub_247
INFO: [VRFC 10-311] analyzing module cordic_sin_ip_addsub_257
INFO: [VRFC 10-311] analyzing module cordic_sin_ip_addsub_262
INFO: [VRFC 10-311] analyzing module cordic_sin_ip_addsub_263
INFO: [VRFC 10-311] analyzing module cordic_sin_ip_addsub_35
INFO: [VRFC 10-311] analyzing module cordic_sin_ip_addsub_40
INFO: [VRFC 10-311] analyzing module cordic_sin_ip_addsub_41
INFO: [VRFC 10-311] analyzing module cordic_sin_ip_addsub_51
INFO: [VRFC 10-311] analyzing module cordic_sin_ip_addsub_56
INFO: [VRFC 10-311] analyzing module cordic_sin_ip_addsub_57
INFO: [VRFC 10-311] analyzing module cordic_sin_ip_addsub_67
INFO: [VRFC 10-311] analyzing module cordic_sin_ip_addsub_72
INFO: [VRFC 10-311] analyzing module cordic_sin_ip_addsub_73
INFO: [VRFC 10-311] analyzing module cordic_sin_ip_addsub_83
INFO: [VRFC 10-311] analyzing module cordic_sin_ip_addsub_88
INFO: [VRFC 10-311] analyzing module cordic_sin_ip_addsub_89
INFO: [VRFC 10-311] analyzing module cordic_sin_ip_addsub_99
INFO: [VRFC 10-311] analyzing module cordic_sin_ip_addsub__parameterized2_3
INFO: [VRFC 10-311] analyzing module cordic_sin_ip_c_addsub_v12_0_18_fabric_legacy
INFO: [VRFC 10-311] analyzing module cordic_sin_ip_c_addsub_v12_0_18_fabric_legacy_101
INFO: [VRFC 10-311] analyzing module cordic_sin_ip_c_addsub_v12_0_18_fabric_legacy_107
INFO: [VRFC 10-311] analyzing module cordic_sin_ip_c_addsub_v12_0_18_fabric_legacy_111
INFO: [VRFC 10-311] analyzing module cordic_sin_ip_c_addsub_v12_0_18_fabric_legacy_117
INFO: [VRFC 10-311] analyzing module cordic_sin_ip_c_addsub_v12_0_18_fabric_legacy_123
INFO: [VRFC 10-311] analyzing module cordic_sin_ip_c_addsub_v12_0_18_fabric_legacy_127
INFO: [VRFC 10-311] analyzing module cordic_sin_ip_c_addsub_v12_0_18_fabric_legacy_133
INFO: [VRFC 10-311] analyzing module cordic_sin_ip_c_addsub_v12_0_18_fabric_legacy_139
INFO: [VRFC 10-311] analyzing module cordic_sin_ip_c_addsub_v12_0_18_fabric_legacy_143
INFO: [VRFC 10-311] analyzing module cordic_sin_ip_c_addsub_v12_0_18_fabric_legacy_149
INFO: [VRFC 10-311] analyzing module cordic_sin_ip_c_addsub_v12_0_18_fabric_legacy_155
INFO: [VRFC 10-311] analyzing module cordic_sin_ip_c_addsub_v12_0_18_fabric_legacy_159
INFO: [VRFC 10-311] analyzing module cordic_sin_ip_c_addsub_v12_0_18_fabric_legacy_165
INFO: [VRFC 10-311] analyzing module cordic_sin_ip_c_addsub_v12_0_18_fabric_legacy_171
INFO: [VRFC 10-311] analyzing module cordic_sin_ip_c_addsub_v12_0_18_fabric_legacy_175
INFO: [VRFC 10-311] analyzing module cordic_sin_ip_c_addsub_v12_0_18_fabric_legacy_181
INFO: [VRFC 10-311] analyzing module cordic_sin_ip_c_addsub_v12_0_18_fabric_legacy_185
INFO: [VRFC 10-311] analyzing module cordic_sin_ip_c_addsub_v12_0_18_fabric_legacy_192
INFO: [VRFC 10-311] analyzing module cordic_sin_ip_c_addsub_v12_0_18_fabric_legacy_198
INFO: [VRFC 10-311] analyzing module cordic_sin_ip_c_addsub_v12_0_18_fabric_legacy_20
INFO: [VRFC 10-311] analyzing module cordic_sin_ip_c_addsub_v12_0_18_fabric_legacy_202
INFO: [VRFC 10-311] analyzing module cordic_sin_ip_c_addsub_v12_0_18_fabric_legacy_210
INFO: [VRFC 10-311] analyzing module cordic_sin_ip_c_addsub_v12_0_18_fabric_legacy_216
INFO: [VRFC 10-311] analyzing module cordic_sin_ip_c_addsub_v12_0_18_fabric_legacy_220
INFO: [VRFC 10-311] analyzing module cordic_sin_ip_c_addsub_v12_0_18_fabric_legacy_227
INFO: [VRFC 10-311] analyzing module cordic_sin_ip_c_addsub_v12_0_18_fabric_legacy_233
INFO: [VRFC 10-311] analyzing module cordic_sin_ip_c_addsub_v12_0_18_fabric_legacy_237
INFO: [VRFC 10-311] analyzing module cordic_sin_ip_c_addsub_v12_0_18_fabric_legacy_24
INFO: [VRFC 10-311] analyzing module cordic_sin_ip_c_addsub_v12_0_18_fabric_legacy_243
INFO: [VRFC 10-311] analyzing module cordic_sin_ip_c_addsub_v12_0_18_fabric_legacy_249
INFO: [VRFC 10-311] analyzing module cordic_sin_ip_c_addsub_v12_0_18_fabric_legacy_253
INFO: [VRFC 10-311] analyzing module cordic_sin_ip_c_addsub_v12_0_18_fabric_legacy_259
INFO: [VRFC 10-311] analyzing module cordic_sin_ip_c_addsub_v12_0_18_fabric_legacy_265
INFO: [VRFC 10-311] analyzing module cordic_sin_ip_c_addsub_v12_0_18_fabric_legacy_269
INFO: [VRFC 10-311] analyzing module cordic_sin_ip_c_addsub_v12_0_18_fabric_legacy_28
INFO: [VRFC 10-311] analyzing module cordic_sin_ip_c_addsub_v12_0_18_fabric_legacy_32
INFO: [VRFC 10-311] analyzing module cordic_sin_ip_c_addsub_v12_0_18_fabric_legacy_37
INFO: [VRFC 10-311] analyzing module cordic_sin_ip_c_addsub_v12_0_18_fabric_legacy_43
INFO: [VRFC 10-311] analyzing module cordic_sin_ip_c_addsub_v12_0_18_fabric_legacy_47
INFO: [VRFC 10-311] analyzing module cordic_sin_ip_c_addsub_v12_0_18_fabric_legacy_53
INFO: [VRFC 10-311] analyzing module cordic_sin_ip_c_addsub_v12_0_18_fabric_legacy_59
INFO: [VRFC 10-311] analyzing module cordic_sin_ip_c_addsub_v12_0_18_fabric_legacy_63
INFO: [VRFC 10-311] analyzing module cordic_sin_ip_c_addsub_v12_0_18_fabric_legacy_69
INFO: [VRFC 10-311] analyzing module cordic_sin_ip_c_addsub_v12_0_18_fabric_legacy_75
INFO: [VRFC 10-311] analyzing module cordic_sin_ip_c_addsub_v12_0_18_fabric_legacy_79
INFO: [VRFC 10-311] analyzing module cordic_sin_ip_c_addsub_v12_0_18_fabric_legacy_85
INFO: [VRFC 10-311] analyzing module cordic_sin_ip_c_addsub_v12_0_18_fabric_legacy_9
INFO: [VRFC 10-311] analyzing module cordic_sin_ip_c_addsub_v12_0_18_fabric_legacy_91
INFO: [VRFC 10-311] analyzing module cordic_sin_ip_c_addsub_v12_0_18_fabric_legacy_95
INFO: [VRFC 10-311] analyzing module cordic_sin_ip_c_addsub_v12_0_18_fabric_legacy__parameterized1_5
INFO: [VRFC 10-311] analyzing module cordic_sin_ip_c_addsub_v12_0_18_legacy
INFO: [VRFC 10-311] analyzing module cordic_sin_ip_c_addsub_v12_0_18_legacy_100
INFO: [VRFC 10-311] analyzing module cordic_sin_ip_c_addsub_v12_0_18_legacy_106
INFO: [VRFC 10-311] analyzing module cordic_sin_ip_c_addsub_v12_0_18_legacy_110
INFO: [VRFC 10-311] analyzing module cordic_sin_ip_c_addsub_v12_0_18_legacy_116
INFO: [VRFC 10-311] analyzing module cordic_sin_ip_c_addsub_v12_0_18_legacy_122
INFO: [VRFC 10-311] analyzing module cordic_sin_ip_c_addsub_v12_0_18_legacy_126
INFO: [VRFC 10-311] analyzing module cordic_sin_ip_c_addsub_v12_0_18_legacy_132
INFO: [VRFC 10-311] analyzing module cordic_sin_ip_c_addsub_v12_0_18_legacy_138
INFO: [VRFC 10-311] analyzing module cordic_sin_ip_c_addsub_v12_0_18_legacy_142
INFO: [VRFC 10-311] analyzing module cordic_sin_ip_c_addsub_v12_0_18_legacy_148
INFO: [VRFC 10-311] analyzing module cordic_sin_ip_c_addsub_v12_0_18_legacy_154
INFO: [VRFC 10-311] analyzing module cordic_sin_ip_c_addsub_v12_0_18_legacy_158
INFO: [VRFC 10-311] analyzing module cordic_sin_ip_c_addsub_v12_0_18_legacy_164
INFO: [VRFC 10-311] analyzing module cordic_sin_ip_c_addsub_v12_0_18_legacy_170
INFO: [VRFC 10-311] analyzing module cordic_sin_ip_c_addsub_v12_0_18_legacy_174
INFO: [VRFC 10-311] analyzing module cordic_sin_ip_c_addsub_v12_0_18_legacy_180
INFO: [VRFC 10-311] analyzing module cordic_sin_ip_c_addsub_v12_0_18_legacy_184
INFO: [VRFC 10-311] analyzing module cordic_sin_ip_c_addsub_v12_0_18_legacy_19
INFO: [VRFC 10-311] analyzing module cordic_sin_ip_c_addsub_v12_0_18_legacy_191
INFO: [VRFC 10-311] analyzing module cordic_sin_ip_c_addsub_v12_0_18_legacy_197
INFO: [VRFC 10-311] analyzing module cordic_sin_ip_c_addsub_v12_0_18_legacy_201
INFO: [VRFC 10-311] analyzing module cordic_sin_ip_c_addsub_v12_0_18_legacy_209
INFO: [VRFC 10-311] analyzing module cordic_sin_ip_c_addsub_v12_0_18_legacy_215
INFO: [VRFC 10-311] analyzing module cordic_sin_ip_c_addsub_v12_0_18_legacy_219
INFO: [VRFC 10-311] analyzing module cordic_sin_ip_c_addsub_v12_0_18_legacy_226
INFO: [VRFC 10-311] analyzing module cordic_sin_ip_c_addsub_v12_0_18_legacy_23
INFO: [VRFC 10-311] analyzing module cordic_sin_ip_c_addsub_v12_0_18_legacy_232
INFO: [VRFC 10-311] analyzing module cordic_sin_ip_c_addsub_v12_0_18_legacy_236
INFO: [VRFC 10-311] analyzing module cordic_sin_ip_c_addsub_v12_0_18_legacy_242
INFO: [VRFC 10-311] analyzing module cordic_sin_ip_c_addsub_v12_0_18_legacy_248
INFO: [VRFC 10-311] analyzing module cordic_sin_ip_c_addsub_v12_0_18_legacy_252
INFO: [VRFC 10-311] analyzing module cordic_sin_ip_c_addsub_v12_0_18_legacy_258
INFO: [VRFC 10-311] analyzing module cordic_sin_ip_c_addsub_v12_0_18_legacy_264
INFO: [VRFC 10-311] analyzing module cordic_sin_ip_c_addsub_v12_0_18_legacy_268
INFO: [VRFC 10-311] analyzing module cordic_sin_ip_c_addsub_v12_0_18_legacy_27
INFO: [VRFC 10-311] analyzing module cordic_sin_ip_c_addsub_v12_0_18_legacy_31
INFO: [VRFC 10-311] analyzing module cordic_sin_ip_c_addsub_v12_0_18_legacy_36
INFO: [VRFC 10-311] analyzing module cordic_sin_ip_c_addsub_v12_0_18_legacy_42
INFO: [VRFC 10-311] analyzing module cordic_sin_ip_c_addsub_v12_0_18_legacy_46
INFO: [VRFC 10-311] analyzing module cordic_sin_ip_c_addsub_v12_0_18_legacy_52
INFO: [VRFC 10-311] analyzing module cordic_sin_ip_c_addsub_v12_0_18_legacy_58
INFO: [VRFC 10-311] analyzing module cordic_sin_ip_c_addsub_v12_0_18_legacy_62
INFO: [VRFC 10-311] analyzing module cordic_sin_ip_c_addsub_v12_0_18_legacy_68
INFO: [VRFC 10-311] analyzing module cordic_sin_ip_c_addsub_v12_0_18_legacy_74
INFO: [VRFC 10-311] analyzing module cordic_sin_ip_c_addsub_v12_0_18_legacy_78
INFO: [VRFC 10-311] analyzing module cordic_sin_ip_c_addsub_v12_0_18_legacy_8
INFO: [VRFC 10-311] analyzing module cordic_sin_ip_c_addsub_v12_0_18_legacy_84
INFO: [VRFC 10-311] analyzing module cordic_sin_ip_c_addsub_v12_0_18_legacy_90
INFO: [VRFC 10-311] analyzing module cordic_sin_ip_c_addsub_v12_0_18_legacy_94
INFO: [VRFC 10-311] analyzing module cordic_sin_ip_c_addsub_v12_0_18_legacy__parameterized1_4
INFO: [VRFC 10-311] analyzing module cordic_sin_ip_c_addsub_v12_0_18_lut6_legacy
INFO: [VRFC 10-311] analyzing module cordic_sin_ip_c_addsub_v12_0_18_lut6_legacy_10
INFO: [VRFC 10-311] analyzing module cordic_sin_ip_c_addsub_v12_0_18_lut6_legacy_102
INFO: [VRFC 10-311] analyzing module cordic_sin_ip_c_addsub_v12_0_18_lut6_legacy_108
INFO: [VRFC 10-311] analyzing module cordic_sin_ip_c_addsub_v12_0_18_lut6_legacy_112
INFO: [VRFC 10-311] analyzing module cordic_sin_ip_c_addsub_v12_0_18_lut6_legacy_118
INFO: [VRFC 10-311] analyzing module cordic_sin_ip_c_addsub_v12_0_18_lut6_legacy_124
INFO: [VRFC 10-311] analyzing module cordic_sin_ip_c_addsub_v12_0_18_lut6_legacy_128
INFO: [VRFC 10-311] analyzing module cordic_sin_ip_c_addsub_v12_0_18_lut6_legacy_134
INFO: [VRFC 10-311] analyzing module cordic_sin_ip_c_addsub_v12_0_18_lut6_legacy_140
INFO: [VRFC 10-311] analyzing module cordic_sin_ip_c_addsub_v12_0_18_lut6_legacy_144
INFO: [VRFC 10-311] analyzing module cordic_sin_ip_c_addsub_v12_0_18_lut6_legacy_150
INFO: [VRFC 10-311] analyzing module cordic_sin_ip_c_addsub_v12_0_18_lut6_legacy_156
INFO: [VRFC 10-311] analyzing module cordic_sin_ip_c_addsub_v12_0_18_lut6_legacy_160
INFO: [VRFC 10-311] analyzing module cordic_sin_ip_c_addsub_v12_0_18_lut6_legacy_166
INFO: [VRFC 10-311] analyzing module cordic_sin_ip_c_addsub_v12_0_18_lut6_legacy_172
INFO: [VRFC 10-311] analyzing module cordic_sin_ip_c_addsub_v12_0_18_lut6_legacy_176
INFO: [VRFC 10-311] analyzing module cordic_sin_ip_c_addsub_v12_0_18_lut6_legacy_182
INFO: [VRFC 10-311] analyzing module cordic_sin_ip_c_addsub_v12_0_18_lut6_legacy_186
INFO: [VRFC 10-311] analyzing module cordic_sin_ip_c_addsub_v12_0_18_lut6_legacy_193
INFO: [VRFC 10-311] analyzing module cordic_sin_ip_c_addsub_v12_0_18_lut6_legacy_199
INFO: [VRFC 10-311] analyzing module cordic_sin_ip_c_addsub_v12_0_18_lut6_legacy_203
INFO: [VRFC 10-311] analyzing module cordic_sin_ip_c_addsub_v12_0_18_lut6_legacy_21
INFO: [VRFC 10-311] analyzing module cordic_sin_ip_c_addsub_v12_0_18_lut6_legacy_211
INFO: [VRFC 10-311] analyzing module cordic_sin_ip_c_addsub_v12_0_18_lut6_legacy_217
INFO: [VRFC 10-311] analyzing module cordic_sin_ip_c_addsub_v12_0_18_lut6_legacy_221
INFO: [VRFC 10-311] analyzing module cordic_sin_ip_c_addsub_v12_0_18_lut6_legacy_228
INFO: [VRFC 10-311] analyzing module cordic_sin_ip_c_addsub_v12_0_18_lut6_legacy_234
INFO: [VRFC 10-311] analyzing module cordic_sin_ip_c_addsub_v12_0_18_lut6_legacy_238
INFO: [VRFC 10-311] analyzing module cordic_sin_ip_c_addsub_v12_0_18_lut6_legacy_244
INFO: [VRFC 10-311] analyzing module cordic_sin_ip_c_addsub_v12_0_18_lut6_legacy_25
INFO: [VRFC 10-311] analyzing module cordic_sin_ip_c_addsub_v12_0_18_lut6_legacy_250
INFO: [VRFC 10-311] analyzing module cordic_sin_ip_c_addsub_v12_0_18_lut6_legacy_254
INFO: [VRFC 10-311] analyzing module cordic_sin_ip_c_addsub_v12_0_18_lut6_legacy_260
INFO: [VRFC 10-311] analyzing module cordic_sin_ip_c_addsub_v12_0_18_lut6_legacy_266
INFO: [VRFC 10-311] analyzing module cordic_sin_ip_c_addsub_v12_0_18_lut6_legacy_270
INFO: [VRFC 10-311] analyzing module cordic_sin_ip_c_addsub_v12_0_18_lut6_legacy_29
INFO: [VRFC 10-311] analyzing module cordic_sin_ip_c_addsub_v12_0_18_lut6_legacy_33
INFO: [VRFC 10-311] analyzing module cordic_sin_ip_c_addsub_v12_0_18_lut6_legacy_38
INFO: [VRFC 10-311] analyzing module cordic_sin_ip_c_addsub_v12_0_18_lut6_legacy_44
INFO: [VRFC 10-311] analyzing module cordic_sin_ip_c_addsub_v12_0_18_lut6_legacy_48
INFO: [VRFC 10-311] analyzing module cordic_sin_ip_c_addsub_v12_0_18_lut6_legacy_54
INFO: [VRFC 10-311] analyzing module cordic_sin_ip_c_addsub_v12_0_18_lut6_legacy_60
INFO: [VRFC 10-311] analyzing module cordic_sin_ip_c_addsub_v12_0_18_lut6_legacy_64
INFO: [VRFC 10-311] analyzing module cordic_sin_ip_c_addsub_v12_0_18_lut6_legacy_70
INFO: [VRFC 10-311] analyzing module cordic_sin_ip_c_addsub_v12_0_18_lut6_legacy_76
INFO: [VRFC 10-311] analyzing module cordic_sin_ip_c_addsub_v12_0_18_lut6_legacy_80
INFO: [VRFC 10-311] analyzing module cordic_sin_ip_c_addsub_v12_0_18_lut6_legacy_86
INFO: [VRFC 10-311] analyzing module cordic_sin_ip_c_addsub_v12_0_18_lut6_legacy_92
INFO: [VRFC 10-311] analyzing module cordic_sin_ip_c_addsub_v12_0_18_lut6_legacy_96
INFO: [VRFC 10-311] analyzing module cordic_sin_ip_c_addsub_v12_0_18_lut6_legacy__parameterized1_6
INFO: [VRFC 10-311] analyzing module cordic_sin_ip_c_addsub_v12_0_18_viv
INFO: [VRFC 10-311] analyzing module cordic_sin_ip_c_addsub_v12_0_18_viv__1
INFO: [VRFC 10-311] analyzing module cordic_sin_ip_c_addsub_v12_0_18_viv__10
INFO: [VRFC 10-311] analyzing module cordic_sin_ip_c_addsub_v12_0_18_viv__11
INFO: [VRFC 10-311] analyzing module cordic_sin_ip_c_addsub_v12_0_18_viv__12
INFO: [VRFC 10-311] analyzing module cordic_sin_ip_c_addsub_v12_0_18_viv__13
INFO: [VRFC 10-311] analyzing module cordic_sin_ip_c_addsub_v12_0_18_viv__14
INFO: [VRFC 10-311] analyzing module cordic_sin_ip_c_addsub_v12_0_18_viv__15
INFO: [VRFC 10-311] analyzing module cordic_sin_ip_c_addsub_v12_0_18_viv__16
INFO: [VRFC 10-311] analyzing module cordic_sin_ip_c_addsub_v12_0_18_viv__17
INFO: [VRFC 10-311] analyzing module cordic_sin_ip_c_addsub_v12_0_18_viv__18
INFO: [VRFC 10-311] analyzing module cordic_sin_ip_c_addsub_v12_0_18_viv__19
INFO: [VRFC 10-311] analyzing module cordic_sin_ip_c_addsub_v12_0_18_viv__2
INFO: [VRFC 10-311] analyzing module cordic_sin_ip_c_addsub_v12_0_18_viv__20
INFO: [VRFC 10-311] analyzing module cordic_sin_ip_c_addsub_v12_0_18_viv__21
INFO: [VRFC 10-311] analyzing module cordic_sin_ip_c_addsub_v12_0_18_viv__22
INFO: [VRFC 10-311] analyzing module cordic_sin_ip_c_addsub_v12_0_18_viv__23
INFO: [VRFC 10-311] analyzing module cordic_sin_ip_c_addsub_v12_0_18_viv__24
INFO: [VRFC 10-311] analyzing module cordic_sin_ip_c_addsub_v12_0_18_viv__25
INFO: [VRFC 10-311] analyzing module cordic_sin_ip_c_addsub_v12_0_18_viv__26
INFO: [VRFC 10-311] analyzing module cordic_sin_ip_c_addsub_v12_0_18_viv__27
INFO: [VRFC 10-311] analyzing module cordic_sin_ip_c_addsub_v12_0_18_viv__28
INFO: [VRFC 10-311] analyzing module cordic_sin_ip_c_addsub_v12_0_18_viv__29
INFO: [VRFC 10-311] analyzing module cordic_sin_ip_c_addsub_v12_0_18_viv__3
INFO: [VRFC 10-311] analyzing module cordic_sin_ip_c_addsub_v12_0_18_viv__30
INFO: [VRFC 10-311] analyzing module cordic_sin_ip_c_addsub_v12_0_18_viv__31
INFO: [VRFC 10-311] analyzing module cordic_sin_ip_c_addsub_v12_0_18_viv__32
INFO: [VRFC 10-311] analyzing module cordic_sin_ip_c_addsub_v12_0_18_viv__33
INFO: [VRFC 10-311] analyzing module cordic_sin_ip_c_addsub_v12_0_18_viv__34
INFO: [VRFC 10-311] analyzing module cordic_sin_ip_c_addsub_v12_0_18_viv__35
INFO: [VRFC 10-311] analyzing module cordic_sin_ip_c_addsub_v12_0_18_viv__36
INFO: [VRFC 10-311] analyzing module cordic_sin_ip_c_addsub_v12_0_18_viv__37
INFO: [VRFC 10-311] analyzing module cordic_sin_ip_c_addsub_v12_0_18_viv__38
INFO: [VRFC 10-311] analyzing module cordic_sin_ip_c_addsub_v12_0_18_viv__39
INFO: [VRFC 10-311] analyzing module cordic_sin_ip_c_addsub_v12_0_18_viv__4
INFO: [VRFC 10-311] analyzing module cordic_sin_ip_c_addsub_v12_0_18_viv__40
INFO: [VRFC 10-311] analyzing module cordic_sin_ip_c_addsub_v12_0_18_viv__41
INFO: [VRFC 10-311] analyzing module cordic_sin_ip_c_addsub_v12_0_18_viv__42
INFO: [VRFC 10-311] analyzing module cordic_sin_ip_c_addsub_v12_0_18_viv__43
INFO: [VRFC 10-311] analyzing module cordic_sin_ip_c_addsub_v12_0_18_viv__44
INFO: [VRFC 10-311] analyzing module cordic_sin_ip_c_addsub_v12_0_18_viv__45
INFO: [VRFC 10-311] analyzing module cordic_sin_ip_c_addsub_v12_0_18_viv__46
INFO: [VRFC 10-311] analyzing module cordic_sin_ip_c_addsub_v12_0_18_viv__47
INFO: [VRFC 10-311] analyzing module cordic_sin_ip_c_addsub_v12_0_18_viv__48
INFO: [VRFC 10-311] analyzing module cordic_sin_ip_c_addsub_v12_0_18_viv__49
INFO: [VRFC 10-311] analyzing module cordic_sin_ip_c_addsub_v12_0_18_viv__5
INFO: [VRFC 10-311] analyzing module cordic_sin_ip_c_addsub_v12_0_18_viv__50
INFO: [VRFC 10-311] analyzing module cordic_sin_ip_c_addsub_v12_0_18_viv__6
INFO: [VRFC 10-311] analyzing module cordic_sin_ip_c_addsub_v12_0_18_viv__8
INFO: [VRFC 10-311] analyzing module cordic_sin_ip_c_addsub_v12_0_18_viv__9
INFO: [VRFC 10-311] analyzing module cordic_sin_ip_c_addsub_v12_0_18_viv__parameterized1__1
INFO: [VRFC 10-311] analyzing module cordic_sin_ip_c_reg_fd_v12_0_9_viv
INFO: [VRFC 10-311] analyzing module cordic_sin_ip_c_reg_fd_v12_0_9_viv_103
INFO: [VRFC 10-311] analyzing module cordic_sin_ip_c_reg_fd_v12_0_9_viv_109
INFO: [VRFC 10-311] analyzing module cordic_sin_ip_c_reg_fd_v12_0_9_viv_11
INFO: [VRFC 10-311] analyzing module cordic_sin_ip_c_reg_fd_v12_0_9_viv_113
INFO: [VRFC 10-311] analyzing module cordic_sin_ip_c_reg_fd_v12_0_9_viv_119
INFO: [VRFC 10-311] analyzing module cordic_sin_ip_c_reg_fd_v12_0_9_viv_125
INFO: [VRFC 10-311] analyzing module cordic_sin_ip_c_reg_fd_v12_0_9_viv_129
INFO: [VRFC 10-311] analyzing module cordic_sin_ip_c_reg_fd_v12_0_9_viv_135
INFO: [VRFC 10-311] analyzing module cordic_sin_ip_c_reg_fd_v12_0_9_viv_141
INFO: [VRFC 10-311] analyzing module cordic_sin_ip_c_reg_fd_v12_0_9_viv_145
INFO: [VRFC 10-311] analyzing module cordic_sin_ip_c_reg_fd_v12_0_9_viv_151
INFO: [VRFC 10-311] analyzing module cordic_sin_ip_c_reg_fd_v12_0_9_viv_157
INFO: [VRFC 10-311] analyzing module cordic_sin_ip_c_reg_fd_v12_0_9_viv_161
INFO: [VRFC 10-311] analyzing module cordic_sin_ip_c_reg_fd_v12_0_9_viv_167
INFO: [VRFC 10-311] analyzing module cordic_sin_ip_c_reg_fd_v12_0_9_viv_173
INFO: [VRFC 10-311] analyzing module cordic_sin_ip_c_reg_fd_v12_0_9_viv_177
INFO: [VRFC 10-311] analyzing module cordic_sin_ip_c_reg_fd_v12_0_9_viv_183
INFO: [VRFC 10-311] analyzing module cordic_sin_ip_c_reg_fd_v12_0_9_viv_187
INFO: [VRFC 10-311] analyzing module cordic_sin_ip_c_reg_fd_v12_0_9_viv_194
INFO: [VRFC 10-311] analyzing module cordic_sin_ip_c_reg_fd_v12_0_9_viv_200
INFO: [VRFC 10-311] analyzing module cordic_sin_ip_c_reg_fd_v12_0_9_viv_204
INFO: [VRFC 10-311] analyzing module cordic_sin_ip_c_reg_fd_v12_0_9_viv_212
INFO: [VRFC 10-311] analyzing module cordic_sin_ip_c_reg_fd_v12_0_9_viv_218
INFO: [VRFC 10-311] analyzing module cordic_sin_ip_c_reg_fd_v12_0_9_viv_22
INFO: [VRFC 10-311] analyzing module cordic_sin_ip_c_reg_fd_v12_0_9_viv_222
INFO: [VRFC 10-311] analyzing module cordic_sin_ip_c_reg_fd_v12_0_9_viv_229
INFO: [VRFC 10-311] analyzing module cordic_sin_ip_c_reg_fd_v12_0_9_viv_235
INFO: [VRFC 10-311] analyzing module cordic_sin_ip_c_reg_fd_v12_0_9_viv_239
INFO: [VRFC 10-311] analyzing module cordic_sin_ip_c_reg_fd_v12_0_9_viv_245
INFO: [VRFC 10-311] analyzing module cordic_sin_ip_c_reg_fd_v12_0_9_viv_251
INFO: [VRFC 10-311] analyzing module cordic_sin_ip_c_reg_fd_v12_0_9_viv_255
INFO: [VRFC 10-311] analyzing module cordic_sin_ip_c_reg_fd_v12_0_9_viv_26
INFO: [VRFC 10-311] analyzing module cordic_sin_ip_c_reg_fd_v12_0_9_viv_261
INFO: [VRFC 10-311] analyzing module cordic_sin_ip_c_reg_fd_v12_0_9_viv_267
INFO: [VRFC 10-311] analyzing module cordic_sin_ip_c_reg_fd_v12_0_9_viv_271
INFO: [VRFC 10-311] analyzing module cordic_sin_ip_c_reg_fd_v12_0_9_viv_30
INFO: [VRFC 10-311] analyzing module cordic_sin_ip_c_reg_fd_v12_0_9_viv_34
INFO: [VRFC 10-311] analyzing module cordic_sin_ip_c_reg_fd_v12_0_9_viv_39
INFO: [VRFC 10-311] analyzing module cordic_sin_ip_c_reg_fd_v12_0_9_viv_45
INFO: [VRFC 10-311] analyzing module cordic_sin_ip_c_reg_fd_v12_0_9_viv_49
INFO: [VRFC 10-311] analyzing module cordic_sin_ip_c_reg_fd_v12_0_9_viv_55
INFO: [VRFC 10-311] analyzing module cordic_sin_ip_c_reg_fd_v12_0_9_viv_61
INFO: [VRFC 10-311] analyzing module cordic_sin_ip_c_reg_fd_v12_0_9_viv_65
INFO: [VRFC 10-311] analyzing module cordic_sin_ip_c_reg_fd_v12_0_9_viv_71
INFO: [VRFC 10-311] analyzing module cordic_sin_ip_c_reg_fd_v12_0_9_viv_77
INFO: [VRFC 10-311] analyzing module cordic_sin_ip_c_reg_fd_v12_0_9_viv_81
INFO: [VRFC 10-311] analyzing module cordic_sin_ip_c_reg_fd_v12_0_9_viv_87
INFO: [VRFC 10-311] analyzing module cordic_sin_ip_c_reg_fd_v12_0_9_viv_93
INFO: [VRFC 10-311] analyzing module cordic_sin_ip_c_reg_fd_v12_0_9_viv_97
INFO: [VRFC 10-311] analyzing module cordic_sin_ip_c_reg_fd_v12_0_9_viv__parameterized1_7
INFO: [VRFC 10-311] analyzing module cordic_sin_ip_cordic_ctrl_slice_par
INFO: [VRFC 10-311] analyzing module cordic_sin_ip_cordic_ctrl_slice_par_188
INFO: [VRFC 10-311] analyzing module cordic_sin_ip_cordic_ctrl_slice_par_206
INFO: [VRFC 10-311] analyzing module cordic_sin_ip_cordic_dat_acc_slice_par
INFO: [VRFC 10-311] analyzing module cordic_sin_ip_cordic_dat_acc_slice_par__parameterized1
INFO: [VRFC 10-311] analyzing module cordic_sin_ip_cordic_dat_acc_slice_par__parameterized11
INFO: [VRFC 10-311] analyzing module cordic_sin_ip_cordic_dat_acc_slice_par__parameterized13
INFO: [VRFC 10-311] analyzing module cordic_sin_ip_cordic_dat_acc_slice_par__parameterized15
INFO: [VRFC 10-311] analyzing module cordic_sin_ip_cordic_dat_acc_slice_par__parameterized17
INFO: [VRFC 10-311] analyzing module cordic_sin_ip_cordic_dat_acc_slice_par__parameterized19
INFO: [VRFC 10-311] analyzing module cordic_sin_ip_cordic_dat_acc_slice_par__parameterized21
INFO: [VRFC 10-311] analyzing module cordic_sin_ip_cordic_dat_acc_slice_par__parameterized23
INFO: [VRFC 10-311] analyzing module cordic_sin_ip_cordic_dat_acc_slice_par__parameterized25
INFO: [VRFC 10-311] analyzing module cordic_sin_ip_cordic_dat_acc_slice_par__parameterized27
INFO: [VRFC 10-311] analyzing module cordic_sin_ip_cordic_dat_acc_slice_par__parameterized3
INFO: [VRFC 10-311] analyzing module cordic_sin_ip_cordic_dat_acc_slice_par__parameterized5
INFO: [VRFC 10-311] analyzing module cordic_sin_ip_cordic_dat_acc_slice_par__parameterized7
INFO: [VRFC 10-311] analyzing module cordic_sin_ip_cordic_dat_acc_slice_par__parameterized9
INFO: [VRFC 10-311] analyzing module cordic_sin_ip_cordic_eng
INFO: [VRFC 10-311] analyzing module cordic_sin_ip_cordic_eng_slice_par
INFO: [VRFC 10-311] analyzing module cordic_sin_ip_cordic_eng_slice_par__parameterized1
INFO: [VRFC 10-311] analyzing module cordic_sin_ip_cordic_eng_slice_par__parameterized11
INFO: [VRFC 10-311] analyzing module cordic_sin_ip_cordic_eng_slice_par__parameterized13
INFO: [VRFC 10-311] analyzing module cordic_sin_ip_cordic_eng_slice_par__parameterized15
INFO: [VRFC 10-311] analyzing module cordic_sin_ip_cordic_eng_slice_par__parameterized17
INFO: [VRFC 10-311] analyzing module cordic_sin_ip_cordic_eng_slice_par__parameterized19
INFO: [VRFC 10-311] analyzing module cordic_sin_ip_cordic_eng_slice_par__parameterized21
INFO: [VRFC 10-311] analyzing module cordic_sin_ip_cordic_eng_slice_par__parameterized23
INFO: [VRFC 10-311] analyzing module cordic_sin_ip_cordic_eng_slice_par__parameterized25
INFO: [VRFC 10-311] analyzing module cordic_sin_ip_cordic_eng_slice_par__parameterized27
INFO: [VRFC 10-311] analyzing module cordic_sin_ip_cordic_eng_slice_par__parameterized3
INFO: [VRFC 10-311] analyzing module cordic_sin_ip_cordic_eng_slice_par__parameterized5
INFO: [VRFC 10-311] analyzing module cordic_sin_ip_cordic_eng_slice_par__parameterized7
INFO: [VRFC 10-311] analyzing module cordic_sin_ip_cordic_eng_slice_par__parameterized9
INFO: [VRFC 10-311] analyzing module cordic_sin_ip_cordic_inp_config
INFO: [VRFC 10-311] analyzing module cordic_sin_ip_cordic_out_config
INFO: [VRFC 10-311] analyzing module cordic_sin_ip_cordic_pha_acc_slice_par
INFO: [VRFC 10-311] analyzing module cordic_sin_ip_cordic_pha_acc_slice_par_114
INFO: [VRFC 10-311] analyzing module cordic_sin_ip_cordic_pha_acc_slice_par_130
INFO: [VRFC 10-311] analyzing module cordic_sin_ip_cordic_pha_acc_slice_par_146
INFO: [VRFC 10-311] analyzing module cordic_sin_ip_cordic_pha_acc_slice_par_162
INFO: [VRFC 10-311] analyzing module cordic_sin_ip_cordic_pha_acc_slice_par_189
INFO: [VRFC 10-311] analyzing module cordic_sin_ip_cordic_pha_acc_slice_par_207
INFO: [VRFC 10-311] analyzing module cordic_sin_ip_cordic_pha_acc_slice_par_224
INFO: [VRFC 10-311] analyzing module cordic_sin_ip_cordic_pha_acc_slice_par_240
INFO: [VRFC 10-311] analyzing module cordic_sin_ip_cordic_pha_acc_slice_par_256
INFO: [VRFC 10-311] analyzing module cordic_sin_ip_cordic_pha_acc_slice_par_50
INFO: [VRFC 10-311] analyzing module cordic_sin_ip_cordic_pha_acc_slice_par_66
INFO: [VRFC 10-311] analyzing module cordic_sin_ip_cordic_pha_acc_slice_par_82
INFO: [VRFC 10-311] analyzing module cordic_sin_ip_cordic_pha_acc_slice_par_98
INFO: [VRFC 10-311] analyzing module cordic_sin_ip_cordic_round
INFO: [VRFC 10-311] analyzing module cordic_sin_ip_cordic_v6_0_22_synth
INFO: [VRFC 10-311] analyzing module cordic_sin_ip_cordic_v6_0_22_viv
INFO: [VRFC 10-311] analyzing module cordic_sin_ip_delay
INFO: [VRFC 10-311] analyzing module cordic_sin_ip_delay_17
INFO: [VRFC 10-311] analyzing module cordic_sin_ip_delay_18
INFO: [VRFC 10-311] analyzing module cordic_sin_ip_delay__parameterized4
INFO: [VRFC 10-311] analyzing module cordic_sin_ip_delay__parameterized4_205
INFO: [VRFC 10-311] analyzing module cordic_sin_ip_delay__parameterized4_223
INFO: [VRFC 10-311] analyzing module cordic_sin_ip_delay_bit
INFO: [VRFC 10-311] analyzing module cordic_sin_ip_delay_bit_12
INFO: [VRFC 10-311] analyzing module cordic_sin_ip_delay_bit__parameterized1
INFO: [VRFC 10-311] analyzing module cordic_sin_ip_xbip_pipe_v3_0_9_viv
INFO: [VRFC 10-311] analyzing module cordic_sin_ip_xbip_pipe_v3_0_9_viv__parameterized1
INFO: [VRFC 10-311] analyzing module mult_u64xu64_delay_line__parameterized2
INFO: [VRFC 10-311] analyzing module mult_u64xu64_delay_line__parameterized2_0
INFO: [VRFC 10-311] analyzing module mult_u64xu64_delay_line__parameterized2_0_HD107
INFO: [VRFC 10-311] analyzing module mult_u64xu64_delay_line__parameterized2_0_HD117
INFO: [VRFC 10-311] analyzing module mult_u64xu64_delay_line__parameterized2_0_HD17
INFO: [VRFC 10-311] analyzing module mult_u64xu64_delay_line__parameterized2_0_HD27
INFO: [VRFC 10-311] analyzing module mult_u64xu64_delay_line__parameterized2_0_HD37
INFO: [VRFC 10-311] analyzing module mult_u64xu64_delay_line__parameterized2_0_HD47
INFO: [VRFC 10-311] analyzing module mult_u64xu64_delay_line__parameterized2_0_HD57
INFO: [VRFC 10-311] analyzing module mult_u64xu64_delay_line__parameterized2_0_HD67
INFO: [VRFC 10-311] analyzing module mult_u64xu64_delay_line__parameterized2_0_HD77
INFO: [VRFC 10-311] analyzing module mult_u64xu64_delay_line__parameterized2_0_HD87
INFO: [VRFC 10-311] analyzing module mult_u64xu64_delay_line__parameterized2_0_HD97
INFO: [VRFC 10-311] analyzing module mult_u64xu64_delay_line__parameterized2_1
INFO: [VRFC 10-311] analyzing module mult_u64xu64_delay_line__parameterized2_1_HD108
INFO: [VRFC 10-311] analyzing module mult_u64xu64_delay_line__parameterized2_1_HD118
INFO: [VRFC 10-311] analyzing module mult_u64xu64_delay_line__parameterized2_1_HD18
INFO: [VRFC 10-311] analyzing module mult_u64xu64_delay_line__parameterized2_1_HD28
INFO: [VRFC 10-311] analyzing module mult_u64xu64_delay_line__parameterized2_1_HD38
INFO: [VRFC 10-311] analyzing module mult_u64xu64_delay_line__parameterized2_1_HD48
INFO: [VRFC 10-311] analyzing module mult_u64xu64_delay_line__parameterized2_1_HD58
INFO: [VRFC 10-311] analyzing module mult_u64xu64_delay_line__parameterized2_1_HD68
INFO: [VRFC 10-311] analyzing module mult_u64xu64_delay_line__parameterized2_1_HD78
INFO: [VRFC 10-311] analyzing module mult_u64xu64_delay_line__parameterized2_1_HD88
INFO: [VRFC 10-311] analyzing module mult_u64xu64_delay_line__parameterized2_1_HD98
INFO: [VRFC 10-311] analyzing module mult_u64xu64_delay_line__parameterized2_2
INFO: [VRFC 10-311] analyzing module mult_u64xu64_delay_line__parameterized2_2_HD109
INFO: [VRFC 10-311] analyzing module mult_u64xu64_delay_line__parameterized2_2_HD119
INFO: [VRFC 10-311] analyzing module mult_u64xu64_delay_line__parameterized2_2_HD19
INFO: [VRFC 10-311] analyzing module mult_u64xu64_delay_line__parameterized2_2_HD29
INFO: [VRFC 10-311] analyzing module mult_u64xu64_delay_line__parameterized2_2_HD39
INFO: [VRFC 10-311] analyzing module mult_u64xu64_delay_line__parameterized2_2_HD49
INFO: [VRFC 10-311] analyzing module mult_u64xu64_delay_line__parameterized2_2_HD69
INFO: [VRFC 10-311] analyzing module mult_u64xu64_delay_line__parameterized2_2_HD79
INFO: [VRFC 10-311] analyzing module mult_u64xu64_delay_line__parameterized2_2_HD99
INFO: [VRFC 10-311] analyzing module mult_u64xu64_delay_line__parameterized2_3
INFO: [VRFC 10-311] analyzing module mult_u64xu64_delay_line__parameterized2_3_HD100
INFO: [VRFC 10-311] analyzing module mult_u64xu64_delay_line__parameterized2_3_HD110
INFO: [VRFC 10-311] analyzing module mult_u64xu64_delay_line__parameterized2_3_HD120
INFO: [VRFC 10-311] analyzing module mult_u64xu64_delay_line__parameterized2_3_HD20
INFO: [VRFC 10-311] analyzing module mult_u64xu64_delay_line__parameterized2_3_HD30
INFO: [VRFC 10-311] analyzing module mult_u64xu64_delay_line__parameterized2_3_HD40
INFO: [VRFC 10-311] analyzing module mult_u64xu64_delay_line__parameterized2_3_HD50
INFO: [VRFC 10-311] analyzing module mult_u64xu64_delay_line__parameterized2_3_HD60
INFO: [VRFC 10-311] analyzing module mult_u64xu64_delay_line__parameterized2_3_HD70
INFO: [VRFC 10-311] analyzing module mult_u64xu64_delay_line__parameterized2_3_HD80
INFO: [VRFC 10-311] analyzing module mult_u64xu64_delay_line__parameterized2_3_HD90
INFO: [VRFC 10-311] analyzing module mult_u64xu64_delay_line__parameterized2_4
INFO: [VRFC 10-311] analyzing module mult_u64xu64_delay_line__parameterized2_4_HD101
INFO: [VRFC 10-311] analyzing module mult_u64xu64_delay_line__parameterized2_4_HD111
INFO: [VRFC 10-311] analyzing module mult_u64xu64_delay_line__parameterized2_4_HD121
INFO: [VRFC 10-311] analyzing module mult_u64xu64_delay_line__parameterized2_4_HD21
INFO: [VRFC 10-311] analyzing module mult_u64xu64_delay_line__parameterized2_4_HD31
INFO: [VRFC 10-311] analyzing module mult_u64xu64_delay_line__parameterized2_4_HD41
INFO: [VRFC 10-311] analyzing module mult_u64xu64_delay_line__parameterized2_4_HD51
INFO: [VRFC 10-311] analyzing module mult_u64xu64_delay_line__parameterized2_4_HD71
INFO: [VRFC 10-311] analyzing module mult_u64xu64_delay_line__parameterized2_4_HD81
INFO: [VRFC 10-311] analyzing module mult_u64xu64_delay_line__parameterized2_HD106
INFO: [VRFC 10-311] analyzing module mult_u64xu64_delay_line__parameterized2_HD116
INFO: [VRFC 10-311] analyzing module mult_u64xu64_delay_line__parameterized2_HD16
INFO: [VRFC 10-311] analyzing module mult_u64xu64_delay_line__parameterized2_HD26
INFO: [VRFC 10-311] analyzing module mult_u64xu64_delay_line__parameterized2_HD36
INFO: [VRFC 10-311] analyzing module mult_u64xu64_delay_line__parameterized2_HD46
INFO: [VRFC 10-311] analyzing module mult_u64xu64_delay_line__parameterized2_HD56
INFO: [VRFC 10-311] analyzing module mult_u64xu64_delay_line__parameterized2_HD66
INFO: [VRFC 10-311] analyzing module mult_u64xu64_delay_line__parameterized2_HD76
INFO: [VRFC 10-311] analyzing module mult_u64xu64_delay_line__parameterized2_HD86
INFO: [VRFC 10-311] analyzing module mult_u64xu64_delay_line__parameterized2_HD96
INFO: [VRFC 10-311] analyzing module mult_u64xu64_dsp
INFO: [VRFC 10-311] analyzing module mult_u64xu64_dsp_HD105
INFO: [VRFC 10-311] analyzing module mult_u64xu64_dsp_HD115
INFO: [VRFC 10-311] analyzing module mult_u64xu64_dsp_HD15
INFO: [VRFC 10-311] analyzing module mult_u64xu64_dsp_HD25
INFO: [VRFC 10-311] analyzing module mult_u64xu64_dsp_HD35
INFO: [VRFC 10-311] analyzing module mult_u64xu64_dsp_HD45
INFO: [VRFC 10-311] analyzing module mult_u64xu64_dsp_HD55
INFO: [VRFC 10-311] analyzing module mult_u64xu64_dsp_HD65
INFO: [VRFC 10-311] analyzing module mult_u64xu64_dsp_HD75
INFO: [VRFC 10-311] analyzing module mult_u64xu64_dsp_HD85
INFO: [VRFC 10-311] analyzing module mult_u64xu64_dsp_HD95
INFO: [VRFC 10-311] analyzing module mult_u64xu64_mult_gen_v12_0_21_viv
INFO: [VRFC 10-311] analyzing module mult_u64xu64_mult_gen_v12_0_21_viv_HD104
INFO: [VRFC 10-311] analyzing module mult_u64xu64_mult_gen_v12_0_21_viv_HD114
INFO: [VRFC 10-311] analyzing module mult_u64xu64_mult_gen_v12_0_21_viv_HD14
INFO: [VRFC 10-311] analyzing module mult_u64xu64_mult_gen_v12_0_21_viv_HD24
INFO: [VRFC 10-311] analyzing module mult_u64xu64_mult_gen_v12_0_21_viv_HD34
INFO: [VRFC 10-311] analyzing module mult_u64xu64_mult_gen_v12_0_21_viv_HD44
INFO: [VRFC 10-311] analyzing module mult_u64xu64_mult_gen_v12_0_21_viv_HD54
INFO: [VRFC 10-311] analyzing module mult_u64xu64_mult_gen_v12_0_21_viv_HD64
INFO: [VRFC 10-311] analyzing module mult_u64xu64_mult_gen_v12_0_21_viv_HD74
INFO: [VRFC 10-311] analyzing module mult_u64xu64_mult_gen_v12_0_21_viv_HD84
INFO: [VRFC 10-311] analyzing module mult_u64xu64_mult_gen_v12_0_21_viv_HD94
INFO: [VRFC 10-311] analyzing module glbl
INFO: [VRFC 10-2263] Analyzing Verilog file "E:/SineCalculate/2.Firmware/SineCalculate/SineCalculate.srcs/sim_1/new/sine_top_tb.v" into library xil_defaultlib
INFO: [VRFC 10-311] analyzing module sine_top_tb
