
*** Running vivado
    with args -log rom_sin.vds -m64 -product Vivado -mode batch -messageDb vivado.pb -notrace -source rom_sin.tcl



****** Vivado v2024.1 (64-bit)
  **** SW Build 5076996 on Wed May 22 18:37:14 MDT 2024
  **** IP Build 5075265 on Wed May 22 21:45:21 MDT 2024
  **** SharedData Build 5076995 on Wed May 22 18:29:18 MDT 2024
  **** Start of session at: Mon Nov 11 12:24:57 2024
    ** Copyright 1986-2022 Xilinx, Inc. All Rights Reserved.
    ** Copyright 2022-2024 Advanced Micro Devices, Inc. All Rights Reserved.

source rom_sin.tcl -notrace
create_project: Time (s): cpu = 00:00:06 ; elapsed = 00:00:07 . Memory (MB): peak = 629.945 ; gain = 200.414
INFO: [IP_Flow 19-6924] IPCACHE: Running cache check for IP inst: rom_sin
INFO: [IP_Flow 19-6922] IPCACHE: Exporting cached entry cac98bae80de93fc to dir: E:/SineCalculate/2.Firmware/SineCalculate/SineCalculate.runs/rom_sin_synth_1
INFO: [IP_Flow 19-6928] IPCACHE: copied cached file e:/SineCalculate/2.Firmware/SineCalculate/SineCalculate.cache/ip/2024.1/c/a/cac98bae80de93fc/rom_sin.dcp to E:/SineCalculate/2.Firmware/SineCalculate/SineCalculate.runs/rom_sin_synth_1/rom_sin.dcp.
INFO: [IP_Flow 19-6928] IPCACHE: copied cached file e:/SineCalculate/2.Firmware/SineCalculate/SineCalculate.cache/ip/2024.1/c/a/cac98bae80de93fc/rom_sin_sim_netlist.v to E:/SineCalculate/2.Firmware/SineCalculate/SineCalculate.runs/rom_sin_synth_1/rom_sin_sim_netlist.v.
INFO: [IP_Flow 19-6928] IPCACHE: copied cached file e:/SineCalculate/2.Firmware/SineCalculate/SineCalculate.cache/ip/2024.1/c/a/cac98bae80de93fc/rom_sin_sim_netlist.vhdl to E:/SineCalculate/2.Firmware/SineCalculate/SineCalculate.runs/rom_sin_synth_1/rom_sin_sim_netlist.vhdl.
INFO: [IP_Flow 19-6928] IPCACHE: copied cached file e:/SineCalculate/2.Firmware/SineCalculate/SineCalculate.cache/ip/2024.1/c/a/cac98bae80de93fc/rom_sin_stub.v to E:/SineCalculate/2.Firmware/SineCalculate/SineCalculate.runs/rom_sin_synth_1/rom_sin_stub.v.
INFO: [IP_Flow 19-6928] IPCACHE: copied cached file e:/SineCalculate/2.Firmware/SineCalculate/SineCalculate.cache/ip/2024.1/c/a/cac98bae80de93fc/rom_sin_stub.vhdl to E:/SineCalculate/2.Firmware/SineCalculate/SineCalculate.runs/rom_sin_synth_1/rom_sin_stub.vhdl.
INFO: [IP_Flow 19-4838] Using cached IP synthesis design for IP rom_sin, cache-ID = cac98bae80de93fc.
INFO: [Common 17-206] Exiting Vivado at Mon Nov 11 12:25:08 2024...
