Vivado Simulator v2024.1
Copyright 1986-2022 Xilinx, Inc. All Rights Reserved.
Copyright 2022-2024 Advanced Micro Devices, Inc. All Rights Reserved.
Running: D:/Xilinx/Vivado/2024.1/bin/unwrapped/win64.o/xelab.exe --incr --debug typical --relax --mt 2 -L xil_defaultlib -L blk_mem_gen_v8_4_8 -L unisims_ver -L unimacro_ver -L secureip -L xpm --snapshot dds_lut_tb_behav xil_defaultlib.dds_lut_tb xil_defaultlib.glbl -log elaborate.log 
Using 2 slave threads.
Starting static elaboration
Pass Through NonSizing Optimizer
Completed static elaboration
Starting simulation data flow analysis
Completed simulation data flow analysis
Time Resolution for simulation is 1ps
Compiling module unisims_ver.IBUFDS
Compiling module unisims_ver.PLLE2_ADV(CLKFBOUT_MULT=9,CLKIN1...
Compiling module unisims_ver.BUFG
Compiling module xil_defaultlib.clk_pll_clk_wiz
Compiling module xil_defaultlib.clk_pll
Compiling module blk_mem_gen_v8_4_8.blk_mem_gen_v8_4_8_output_stage(...
Compiling module blk_mem_gen_v8_4_8.blk_mem_gen_v8_4_8_softecc_outpu...
Compiling module blk_mem_gen_v8_4_8.blk_mem_gen_v8_4_8_mem_module(C_...
Compiling module blk_mem_gen_v8_4_8.blk_mem_axi_regs_fwd_v8_4(C_DATA...
Compiling module blk_mem_gen_v8_4_8.blk_mem_gen_v8_4_8(C_FAMILY="kin...
Compiling module xil_defaultlib.rom_sin_1_4
Compiling module xil_defaultlib.dds_lut
Compiling module xil_defaultlib.dds_lut_top
Compiling module xil_defaultlib.dds_lut_tb
Compiling module xil_defaultlib.glbl
Built simulation snapshot dds_lut_tb_behav
